<?xml version="1.0" encoding="UTF-8"?>
<robot generator="Robot 6.1.1 (Python 3.10.12 on linux)" generated="20241110 13:46:22.966" rpa="false" schemaversion="4">
<suite id="s1" name="Tests" source="/home/banboris/palautusrepositorio/viikko3/web-login/src/tests">
<suite id="s1-s1" name="Home" source="/home/banboris/palautusrepositorio/viikko3/web-login/src/tests/home.robot">
<kw name="Open And Configure Browser" library="resource" type="SETUP">
<if>
<branch type="IF" condition="$BROWSER == 'chrome'">
<kw name="Evaluate" library="BuiltIn">
<var>${options}</var>
<arg>sys.modules['selenium.webdriver'].ChromeOptions()</arg>
<arg>sys</arg>
<doc>Evaluates the given expression in Python and returns the result.</doc>
<msg timestamp="20241110 13:46:23.104" level="INFO">${options} = &lt;selenium.webdriver.chrome.options.Options object at 0x78c38ce13700&gt;</msg>
<status status="PASS" starttime="20241110 13:46:23.104" endtime="20241110 13:46:23.104"/>
</kw>
<status status="PASS" starttime="20241110 13:46:23.095" endtime="20241110 13:46:23.104"/>
</branch>
<branch type="ELSE IF" condition="$BROWSER == 'firefox'">
<kw name="Evaluate" library="BuiltIn">
<var>${options}</var>
<arg>sys.modules['selenium.webdriver'].FirefoxOptions()</arg>
<arg>sys</arg>
<doc>Evaluates the given expression in Python and returns the result.</doc>
<status status="NOT RUN" starttime="20241110 13:46:23.104" endtime="20241110 13:46:23.104"/>
</kw>
<status status="NOT RUN" starttime="20241110 13:46:23.104" endtime="20241110 13:46:23.104"/>
</branch>
<status status="PASS" starttime="20241110 13:46:23.095" endtime="20241110 13:46:23.104"/>
</if>
<if>
<branch type="IF" condition="$HEADLESS == 'true'">
<kw name="Set Selenium Speed" library="SeleniumLibrary">
<arg>0</arg>
<doc>Sets the delay that is waited after each Selenium command.</doc>
<status status="NOT RUN" starttime="20241110 13:46:23.105" endtime="20241110 13:46:23.105"/>
</kw>
<kw name="Call Method" library="BuiltIn">
<arg>${options}</arg>
<arg>add_argument</arg>
<arg>--headless</arg>
<doc>Calls the named method of the given object with the provided arguments.</doc>
<status status="NOT RUN" starttime="20241110 13:46:23.105" endtime="20241110 13:46:23.105"/>
</kw>
<status status="NOT RUN" starttime="20241110 13:46:23.104" endtime="20241110 13:46:23.105"/>
</branch>
<branch type="ELSE">
<kw name="Set Selenium Speed" library="SeleniumLibrary">
<arg>${DELAY}</arg>
<doc>Sets the delay that is waited after each Selenium command.</doc>
<status status="PASS" starttime="20241110 13:46:23.105" endtime="20241110 13:46:23.105"/>
</kw>
<status status="PASS" starttime="20241110 13:46:23.105" endtime="20241110 13:46:23.105"/>
</branch>
<status status="PASS" starttime="20241110 13:46:23.104" endtime="20241110 13:46:23.105"/>
</if>
<kw name="Open Browser" library="SeleniumLibrary">
<arg>browser=${BROWSER}</arg>
<arg>options=${options}</arg>
<doc>Opens a new browser instance to the optional ``url``.</doc>
<msg timestamp="20241110 13:46:23.105" level="INFO">Opening browser 'chrome' to base url 'None'.</msg>
<status status="PASS" starttime="20241110 13:46:23.105" endtime="20241110 13:46:23.456"/>
</kw>
<status status="PASS" starttime="20241110 13:46:23.095" endtime="20241110 13:46:23.456"/>
</kw>
<test id="s1-s1-t1" name="Click Login Link" line="8">
<kw name="Reset Application And Go To Starting Page" type="SETUP">
<kw name="Reset Application" library="AppLibrary">
<status status="PASS" starttime="20241110 13:46:23.457" endtime="20241110 13:46:23.460"/>
</kw>
<kw name="Go To Starting Page" library="resource">
<kw name="Go To" library="SeleniumLibrary">
<arg>${HOME_URL}</arg>
<doc>Navigates the current browser window to the provided ``url``.</doc>
<msg timestamp="20241110 13:46:23.460" level="INFO">Opening url 'http://localhost:5001'</msg>
<status status="PASS" starttime="20241110 13:46:23.460" endtime="20241110 13:46:23.998"/>
</kw>
<status status="PASS" starttime="20241110 13:46:23.460" endtime="20241110 13:46:23.998"/>
</kw>
<status status="PASS" starttime="20241110 13:46:23.457" endtime="20241110 13:46:23.999"/>
</kw>
<kw name="Click Link" library="SeleniumLibrary">
<arg>Login</arg>
<doc>Clicks a link identified by ``locator``.</doc>
<msg timestamp="20241110 13:46:24.001" level="INFO">Clicking link 'Login'.</msg>
<status status="PASS" starttime="20241110 13:46:23.999" endtime="20241110 13:46:25.600"/>
</kw>
<kw name="Login Page Should Be Open" library="resource">
<kw name="Title Should Be" library="SeleniumLibrary">
<arg>Login</arg>
<doc>Verifies that the current page title equals ``title``.</doc>
<msg timestamp="20241110 13:46:26.115" level="INFO">Page title is 'Login'.</msg>
<status status="PASS" starttime="20241110 13:46:25.602" endtime="20241110 13:46:26.115"/>
</kw>
<status status="PASS" starttime="20241110 13:46:25.601" endtime="20241110 13:46:26.116"/>
</kw>
<status status="PASS" starttime="20241110 13:46:23.456" endtime="20241110 13:46:26.116"/>
</test>
<test id="s1-s1-t2" name="Click Register Link" line="12">
<kw name="Reset Application And Go To Starting Page" type="SETUP">
<kw name="Reset Application" library="AppLibrary">
<status status="PASS" starttime="20241110 13:46:26.119" endtime="20241110 13:46:26.123"/>
</kw>
<kw name="Go To Starting Page" library="resource">
<kw name="Go To" library="SeleniumLibrary">
<arg>${HOME_URL}</arg>
<doc>Navigates the current browser window to the provided ``url``.</doc>
<msg timestamp="20241110 13:46:26.125" level="INFO">Opening url 'http://localhost:5001'</msg>
<status status="PASS" starttime="20241110 13:46:26.124" endtime="20241110 13:46:26.661"/>
</kw>
<status status="PASS" starttime="20241110 13:46:26.124" endtime="20241110 13:46:26.661"/>
</kw>
<status status="PASS" starttime="20241110 13:46:26.119" endtime="20241110 13:46:26.662"/>
</kw>
<kw name="Click Link" library="SeleniumLibrary">
<arg>Register new user</arg>
<doc>Clicks a link identified by ``locator``.</doc>
<msg timestamp="20241110 13:46:26.665" level="INFO">Clicking link 'Register new user'.</msg>
<status status="PASS" starttime="20241110 13:46:26.663" endtime="20241110 13:46:28.240"/>
</kw>
<kw name="Register Page Should Be Open" library="resource">
<kw name="Title Should Be" library="SeleniumLibrary">
<arg>Register</arg>
<doc>Verifies that the current page title equals ``title``.</doc>
<msg timestamp="20241110 13:46:28.751" level="INFO">Page title is 'Register'.</msg>
<status status="PASS" starttime="20241110 13:46:28.241" endtime="20241110 13:46:28.752"/>
</kw>
<status status="PASS" starttime="20241110 13:46:28.240" endtime="20241110 13:46:28.752"/>
</kw>
<status status="PASS" starttime="20241110 13:46:26.118" endtime="20241110 13:46:28.753"/>
</test>
<kw name="Close Browser" library="SeleniumLibrary" type="TEARDOWN">
<doc>Closes the current browser.</doc>
<status status="PASS" starttime="20241110 13:46:28.755" endtime="20241110 13:46:29.317"/>
</kw>
<status status="PASS" starttime="20241110 13:46:22.975" endtime="20241110 13:46:29.317"/>
</suite>
<suite id="s1-s2" name="Login" source="/home/banboris/palautusrepositorio/viikko3/web-login/src/tests/login.robot">
<kw name="Open And Configure Browser" library="resource" type="SETUP">
<if>
<branch type="IF" condition="$BROWSER == 'chrome'">
<kw name="Evaluate" library="BuiltIn">
<var>${options}</var>
<arg>sys.modules['selenium.webdriver'].ChromeOptions()</arg>
<arg>sys</arg>
<doc>Evaluates the given expression in Python and returns the result.</doc>
<msg timestamp="20241110 13:46:29.326" level="INFO">${options} = &lt;selenium.webdriver.chrome.options.Options object at 0x78c38ccb41f0&gt;</msg>
<status status="PASS" starttime="20241110 13:46:29.326" endtime="20241110 13:46:29.326"/>
</kw>
<status status="PASS" starttime="20241110 13:46:29.325" endtime="20241110 13:46:29.326"/>
</branch>
<branch type="ELSE IF" condition="$BROWSER == 'firefox'">
<kw name="Evaluate" library="BuiltIn">
<var>${options}</var>
<arg>sys.modules['selenium.webdriver'].FirefoxOptions()</arg>
<arg>sys</arg>
<doc>Evaluates the given expression in Python and returns the result.</doc>
<status status="NOT RUN" starttime="20241110 13:46:29.326" endtime="20241110 13:46:29.326"/>
</kw>
<status status="NOT RUN" starttime="20241110 13:46:29.326" endtime="20241110 13:46:29.326"/>
</branch>
<status status="PASS" starttime="20241110 13:46:29.325" endtime="20241110 13:46:29.326"/>
</if>
<if>
<branch type="IF" condition="$HEADLESS == 'true'">
<kw name="Set Selenium Speed" library="SeleniumLibrary">
<arg>0</arg>
<doc>Sets the delay that is waited after each Selenium command.</doc>
<status status="NOT RUN" starttime="20241110 13:46:29.326" endtime="20241110 13:46:29.326"/>
</kw>
<kw name="Call Method" library="BuiltIn">
<arg>${options}</arg>
<arg>add_argument</arg>
<arg>--headless</arg>
<doc>Calls the named method of the given object with the provided arguments.</doc>
<status status="NOT RUN" starttime="20241110 13:46:29.327" endtime="20241110 13:46:29.327"/>
</kw>
<status status="NOT RUN" starttime="20241110 13:46:29.326" endtime="20241110 13:46:29.327"/>
</branch>
<branch type="ELSE">
<kw name="Set Selenium Speed" library="SeleniumLibrary">
<arg>${DELAY}</arg>
<doc>Sets the delay that is waited after each Selenium command.</doc>
<status status="PASS" starttime="20241110 13:46:29.327" endtime="20241110 13:46:29.327"/>
</kw>
<status status="PASS" starttime="20241110 13:46:29.327" endtime="20241110 13:46:29.327"/>
</branch>
<status status="PASS" starttime="20241110 13:46:29.326" endtime="20241110 13:46:29.327"/>
</if>
<kw name="Open Browser" library="SeleniumLibrary">
<arg>browser=${BROWSER}</arg>
<arg>options=${options}</arg>
<doc>Opens a new browser instance to the optional ``url``.</doc>
<msg timestamp="20241110 13:46:29.328" level="INFO">Opening browser 'chrome' to base url 'None'.</msg>
<status status="PASS" starttime="20241110 13:46:29.327" endtime="20241110 13:46:29.710"/>
</kw>
<status status="PASS" starttime="20241110 13:46:29.325" endtime="20241110 13:46:29.710"/>
</kw>
<test id="s1-s2-t1" name="Login With Correct Credentials" line="8">
<kw name="Reset Application Create User And Go To Login Page" type="SETUP">
<kw name="Reset Application" library="AppLibrary">
<status status="PASS" starttime="20241110 13:46:29.711" endtime="20241110 13:46:29.713"/>
</kw>
<kw name="Create User" library="AppLibrary">
<arg>kalle</arg>
<arg>kalle123</arg>
<status status="PASS" starttime="20241110 13:46:29.713" endtime="20241110 13:46:29.720"/>
</kw>
<kw name="Go To Login Page" library="resource">
<kw name="Go To" library="SeleniumLibrary">
<arg>${LOGIN_URL}</arg>
<doc>Navigates the current browser window to the provided ``url``.</doc>
<msg timestamp="20241110 13:46:29.721" level="INFO">Opening url 'http://localhost:5001/login'</msg>
<status status="PASS" starttime="20241110 13:46:29.721" endtime="20241110 13:46:30.267"/>
</kw>
<status status="PASS" starttime="20241110 13:46:29.720" endtime="20241110 13:46:30.267"/>
</kw>
<status status="PASS" starttime="20241110 13:46:29.711" endtime="20241110 13:46:30.267"/>
</kw>
<kw name="Set Username">
<arg>kalle</arg>
<kw name="Input Text" library="SeleniumLibrary">
<arg>username</arg>
<arg>${username}</arg>
<doc>Types the given ``text`` into the text field identified by ``locator``.</doc>
<msg timestamp="20241110 13:46:30.270" level="INFO">Typing text 'kalle' into text field 'username'.</msg>
<status status="PASS" starttime="20241110 13:46:30.269" endtime="20241110 13:46:31.902"/>
</kw>
<status status="PASS" starttime="20241110 13:46:30.268" endtime="20241110 13:46:31.902"/>
</kw>
<kw name="Set Password">
<arg>kalle123</arg>
<kw name="Input Password" library="SeleniumLibrary">
<arg>password</arg>
<arg>${password}</arg>
<doc>Types the given password into the text field identified by ``locator``.</doc>
<msg timestamp="20241110 13:46:31.903" level="INFO">Typing password into text field 'password'.</msg>
<msg timestamp="20241110 13:46:32.951" level="INFO">Temporally setting log level to: NONE</msg>
<msg timestamp="20241110 13:46:33.510" level="INFO">Log level changed from NONE to INFO.</msg>
<status status="PASS" starttime="20241110 13:46:31.902" endtime="20241110 13:46:33.511"/>
</kw>
<status status="PASS" starttime="20241110 13:46:31.902" endtime="20241110 13:46:33.511"/>
</kw>
<kw name="Submit Credentials">
<kw name="Click Button" library="SeleniumLibrary">
<arg>Login</arg>
<doc>Clicks the button identified by ``locator``.</doc>
<msg timestamp="20241110 13:46:33.514" level="INFO">Clicking button 'Login'.</msg>
<status status="PASS" starttime="20241110 13:46:33.513" endtime="20241110 13:46:35.653"/>
</kw>
<status status="PASS" starttime="20241110 13:46:33.512" endtime="20241110 13:46:35.654"/>
</kw>
<kw name="Login Should Succeed">
<kw name="Main Page Should Be Open" library="resource">
<kw name="Title Should Be" library="SeleniumLibrary">
<arg>Ohtu Application main page</arg>
<doc>Verifies that the current page title equals ``title``.</doc>
<msg timestamp="20241110 13:46:36.169" level="INFO">Page title is 'Ohtu Application main page'.</msg>
<status status="PASS" starttime="20241110 13:46:35.657" endtime="20241110 13:46:36.170"/>
</kw>
<status status="PASS" starttime="20241110 13:46:35.656" endtime="20241110 13:46:36.170"/>
</kw>
<status status="PASS" starttime="20241110 13:46:35.655" endtime="20241110 13:46:36.171"/>
</kw>
<status status="PASS" starttime="20241110 13:46:29.710" endtime="20241110 13:46:36.171"/>
</test>
<test id="s1-s2-t2" name="Login With Incorrect Password" line="14">
<kw name="Reset Application Create User And Go To Login Page" type="SETUP">
<kw name="Reset Application" library="AppLibrary">
<status status="PASS" starttime="20241110 13:46:36.174" endtime="20241110 13:46:36.178"/>
</kw>
<kw name="Create User" library="AppLibrary">
<arg>kalle</arg>
<arg>kalle123</arg>
<status status="PASS" starttime="20241110 13:46:36.178" endtime="20241110 13:46:36.187"/>
</kw>
<kw name="Go To Login Page" library="resource">
<kw name="Go To" library="SeleniumLibrary">
<arg>${LOGIN_URL}</arg>
<doc>Navigates the current browser window to the provided ``url``.</doc>
<msg timestamp="20241110 13:46:36.188" level="INFO">Opening url 'http://localhost:5001/login'</msg>
<status status="PASS" starttime="20241110 13:46:36.188" endtime="20241110 13:46:36.718"/>
</kw>
<status status="PASS" starttime="20241110 13:46:36.187" endtime="20241110 13:46:36.718"/>
</kw>
<status status="PASS" starttime="20241110 13:46:36.174" endtime="20241110 13:46:36.719"/>
</kw>
<kw name="Set Username">
<arg>kalle</arg>
<kw name="Input Text" library="SeleniumLibrary">
<arg>username</arg>
<arg>${username}</arg>
<doc>Types the given ``text`` into the text field identified by ``locator``.</doc>
<msg timestamp="20241110 13:46:36.722" level="INFO">Typing text 'kalle' into text field 'username'.</msg>
<status status="PASS" starttime="20241110 13:46:36.720" endtime="20241110 13:46:38.350"/>
</kw>
<status status="PASS" starttime="20241110 13:46:36.719" endtime="20241110 13:46:38.351"/>
</kw>
<kw name="Set Password">
<arg>kalle456</arg>
<kw name="Input Password" library="SeleniumLibrary">
<arg>password</arg>
<arg>${password}</arg>
<doc>Types the given password into the text field identified by ``locator``.</doc>
<msg timestamp="20241110 13:46:38.355" level="INFO">Typing password into text field 'password'.</msg>
<msg timestamp="20241110 13:46:39.404" level="INFO">Temporally setting log level to: NONE</msg>
<msg timestamp="20241110 13:46:39.967" level="INFO">Log level changed from NONE to INFO.</msg>
<status status="PASS" starttime="20241110 13:46:38.354" endtime="20241110 13:46:39.968"/>
</kw>
<status status="PASS" starttime="20241110 13:46:38.352" endtime="20241110 13:46:39.968"/>
</kw>
<kw name="Submit Credentials">
<kw name="Click Button" library="SeleniumLibrary">
<arg>Login</arg>
<doc>Clicks the button identified by ``locator``.</doc>
<msg timestamp="20241110 13:46:39.970" level="INFO">Clicking button 'Login'.</msg>
<status status="PASS" starttime="20241110 13:46:39.969" endtime="20241110 13:46:42.070"/>
</kw>
<status status="PASS" starttime="20241110 13:46:39.968" endtime="20241110 13:46:42.070"/>
</kw>
<kw name="Login Should Fail With Message">
<arg>Invalid username or password</arg>
<kw name="Login Page Should Be Open" library="resource">
<kw name="Title Should Be" library="SeleniumLibrary">
<arg>Login</arg>
<doc>Verifies that the current page title equals ``title``.</doc>
<msg timestamp="20241110 13:46:42.579" level="INFO">Page title is 'Login'.</msg>
<status status="PASS" starttime="20241110 13:46:42.072" endtime="20241110 13:46:42.580"/>
</kw>
<status status="PASS" starttime="20241110 13:46:42.071" endtime="20241110 13:46:42.580"/>
</kw>
<kw name="Page Should Contain" library="SeleniumLibrary">
<arg>${message}</arg>
<doc>Verifies that current page contains ``text``.</doc>
<msg timestamp="20241110 13:46:43.601" level="INFO">Current page contains text 'Invalid username or password'.</msg>
<status status="PASS" starttime="20241110 13:46:42.580" endtime="20241110 13:46:43.602"/>
</kw>
<status status="PASS" starttime="20241110 13:46:42.070" endtime="20241110 13:46:43.602"/>
</kw>
<status status="PASS" starttime="20241110 13:46:36.173" endtime="20241110 13:46:43.602"/>
</test>
<test id="s1-s2-t3" name="Login With Nonexistent Username" line="20">
<kw name="Reset Application Create User And Go To Login Page" type="SETUP">
<kw name="Reset Application" library="AppLibrary">
<status status="PASS" starttime="20241110 13:46:43.605" endtime="20241110 13:46:43.610"/>
</kw>
<kw name="Create User" library="AppLibrary">
<arg>kalle</arg>
<arg>kalle123</arg>
<status status="PASS" starttime="20241110 13:46:43.610" endtime="20241110 13:46:43.622"/>
</kw>
<kw name="Go To Login Page" library="resource">
<kw name="Go To" library="SeleniumLibrary">
<arg>${LOGIN_URL}</arg>
<doc>Navigates the current browser window to the provided ``url``.</doc>
<msg timestamp="20241110 13:46:43.623" level="INFO">Opening url 'http://localhost:5001/login'</msg>
<status status="PASS" starttime="20241110 13:46:43.622" endtime="20241110 13:46:44.157"/>
</kw>
<status status="PASS" starttime="20241110 13:46:43.622" endtime="20241110 13:46:44.157"/>
</kw>
<status status="PASS" starttime="20241110 13:46:43.604" endtime="20241110 13:46:44.158"/>
</kw>
<kw name="Set Password">
<arg>kalle123</arg>
<kw name="Input Password" library="SeleniumLibrary">
<arg>password</arg>
<arg>${password}</arg>
<doc>Types the given password into the text field identified by ``locator``.</doc>
<msg timestamp="20241110 13:46:44.160" level="INFO">Typing password into text field 'password'.</msg>
<msg timestamp="20241110 13:46:45.203" level="INFO">Temporally setting log level to: NONE</msg>
<msg timestamp="20241110 13:46:45.765" level="INFO">Log level changed from NONE to INFO.</msg>
<status status="PASS" starttime="20241110 13:46:44.159" endtime="20241110 13:46:45.765"/>
</kw>
<status status="PASS" starttime="20241110 13:46:44.158" endtime="20241110 13:46:45.765"/>
</kw>
<kw name="Submit Credentials">
<kw name="Click Button" library="SeleniumLibrary">
<arg>Login</arg>
<doc>Clicks the button identified by ``locator``.</doc>
<msg timestamp="20241110 13:46:45.766" level="INFO">Clicking button 'Login'.</msg>
<status status="PASS" starttime="20241110 13:46:45.766" endtime="20241110 13:46:47.864"/>
</kw>
<status status="PASS" starttime="20241110 13:46:45.766" endtime="20241110 13:46:47.865"/>
</kw>
<kw name="Login Should Fail With Message">
<arg>Username and password are required</arg>
<kw name="Login Page Should Be Open" library="resource">
<kw name="Title Should Be" library="SeleniumLibrary">
<arg>Login</arg>
<doc>Verifies that the current page title equals ``title``.</doc>
<msg timestamp="20241110 13:46:48.378" level="INFO">Page title is 'Login'.</msg>
<status status="PASS" starttime="20241110 13:46:47.867" endtime="20241110 13:46:48.378"/>
</kw>
<status status="PASS" starttime="20241110 13:46:47.866" endtime="20241110 13:46:48.379"/>
</kw>
<kw name="Page Should Contain" library="SeleniumLibrary">
<arg>${message}</arg>
<doc>Verifies that current page contains ``text``.</doc>
<msg timestamp="20241110 13:46:49.410" level="INFO">Current page contains text 'Username and password are required'.</msg>
<status status="PASS" starttime="20241110 13:46:48.379" endtime="20241110 13:46:49.410"/>
</kw>
<status status="PASS" starttime="20241110 13:46:47.865" endtime="20241110 13:46:49.410"/>
</kw>
<status status="PASS" starttime="20241110 13:46:43.603" endtime="20241110 13:46:49.410"/>
</test>
<kw name="Close Browser" library="SeleniumLibrary" type="TEARDOWN">
<doc>Closes the current browser.</doc>
<status status="PASS" starttime="20241110 13:46:49.411" endtime="20241110 13:46:49.971"/>
</kw>
<status status="PASS" starttime="20241110 13:46:29.319" endtime="20241110 13:46:49.971"/>
</suite>
<status status="PASS" starttime="20241110 13:46:22.966" endtime="20241110 13:46:49.973"/>
</suite>
<statistics>
<total>
<stat pass="5" fail="0" skip="0">All Tests</stat>
</total>
<tag>
</tag>
<suite>
<stat pass="5" fail="0" skip="0" id="s1" name="Tests">Tests</stat>
<stat pass="2" fail="0" skip="0" id="s1-s1" name="Home">Tests.Home</stat>
<stat pass="3" fail="0" skip="0" id="s1-s2" name="Login">Tests.Login</stat>
</suite>
</statistics>
<errors>
</errors>
</robot>
